This is pdfTeX, Version 3.141592653-2.6-1.40.24 (TeX Live 2022/Debian) (preloaded format=pdflatex 2025.3.25)  25 MAR 2025 05:19
entering extended mode
 restricted \write18 enabled.
 %&-line parsing enabled.
**"	\def\VAROPTIONA{Y}	\def\VAROPTIONB{X}	\def\VARNAME{Jinting Zhu}	\def\VARID{
2280943}	\def\VARDATE{2025-03-25_05_19_45}	\def\VARSIGNATURE{/app/media/Jinting
_Zhu_PublicInfo.png}	\input{public_info.tex}"

! Emergency stop.
<to be read again> 
                   \def 
<*> "	\def
          \VAROPTIONA{Y}	\def\VAROPTIONB{X}	\def\VARNAME{Jinting Zhu}	\def\V...
*** (job aborted, file error in nonstop mode)

 
Here is how much of TeX's memory you used:
 5 strings out of 476091
 194 string characters out of 5794081
 1849330 words of memory out of 5000000
 20488 multiletter control sequences out of 15000+600000
 512287 words of font info for 32 fonts, out of 8000000 for 9000
 1141 hyphenation exceptions out of 8191
 1i,0n,0p,1b,6s stack positions out of 10000i,1000n,20000p,200000b,200000s
!  ==> Fatal error occurred, no output PDF file produced!
