This is pdfTeX, Version 3.141592653-2.6-1.40.24 (TeX Live 2022/Debian) (preloaded format=pdflatex 2025.3.25)  25 MAR 2025 05:08
entering extended mode
 restricted \write18 enabled.
 %&-line parsing enabled.
**"	\def\VARNAME{Jinting Zhu}	\def\VARID{2280943}	\def\VARDATE{2025-03-25 05:08
:58.574018+00:00}	\def\SoneOone{Y}	\def\SoneOtwo{X}	\def\SoneDone{X}	\def\SoneD
two{X}	\def\SoneDthree{X}	\def\SoneOthree{X}	\def\StwoMonth{03}	\def\StwoDay{25
}	\def\StwoYear{2025}	\def\StwoOone{Y}	\def\StwoOtwo{X}	\def\SthreeOone{X}	\def
\SthreeDate{N/A}	\def\SthreeOtwo{Y}	\def\VARSIGNATURE{/app/media/Jinting_Zhu_Ea
rlyWithdrawal.png}	\input{early_withdrawal.tex}"

! Emergency stop.
<to be read again> 
                   \def 
<*> "	\def
          \VARNAME{Jinting Zhu}	\def\VARID{2280943}	\def\VARDATE{2025-03-25 ...
*** (job aborted, file error in nonstop mode)

 
Here is how much of TeX's memory you used:
 4 strings out of 476091
 116 string characters out of 5794081
 1849330 words of memory out of 5000000
 20488 multiletter control sequences out of 15000+600000
 512287 words of font info for 32 fonts, out of 8000000 for 9000
 1141 hyphenation exceptions out of 8191
 1i,0n,0p,1b,6s stack positions out of 10000i,1000n,20000p,200000b,200000s
!  ==> Fatal error occurred, no output PDF file produced!
